# JRE version: Java(TM) SE Runtime Environment (17.0.3.1+2) (build 17.0.3.1+2-LTS-6)
# Java VM: Java HotSpot(TM) 64-Bit Server VM (17.0.3.1+2-LTS-6, mixed mode, sharing, tiered, compressed oops, compressed class ptrs, g1 gc, windows-amd64)
GC Precious Log:
 CPUs: 8 total, 8 available
 Memory: 8068M
 Large Page Support: Disabled
 NUMA Support: Disabled
 Compressed Oops: Enabled (32-bit)
 Heap Region Size: 1M
 Heap Min Capacity: 8M
 Heap Initial Capacity: 128M
 Heap Max Capacity: 2018M
 Pre-touch: Disabled
 Parallel Workers: 8
 Concurrent Workers: 2
 Concurrent Refinement Workers: 8
 Periodic GC: Disabled
Heap:
 garbage-first heap   total 64512K, used 27891K [0x0000000081e00000, 0x0000000100000000)
  region size 1024K, 4 young (4096K), 3 survivors (3072K)
 Metaspace       used 60459K, committed 60800K, reserved 1105920K
  class space    used 7979K, committed 8192K, reserved 1048576K
GC Heap History (20 events):
Event: 2.986 GC heap before
{Heap before GC invocations=6 (full 0):
 garbage-first heap   total 48128K, used 15802K [0x0000000081e00000, 0x0000000100000000)
  region size 1024K, 4 young (4096K), 3 survivors (3072K)
 Metaspace       used 25470K, committed 25728K, reserved 1073152K
  class space    used 3191K, committed 3328K, reserved 1048576K
}
Event: 2.989 GC heap after
{Heap after GC invocations=7 (full 0):
 garbage-first heap   total 48128K, used 15145K [0x0000000081e00000, 0x0000000100000000)
  region size 1024K, 1 young (1024K), 1 survivors (1024K)
 Metaspace       used 25470K, committed 25728K, reserved 1073152K
  class space    used 3191K, committed 3328K, reserved 1048576K
}
Event: 3.395 GC heap before
{Heap before GC invocations=7 (full 0):
 garbage-first heap   total 48128K, used 33577K [0x0000000081e00000, 0x0000000100000000)
  region size 1024K, 20 young (20480K), 1 survivors (1024K)
 Metaspace       used 28569K, committed 28864K, reserved 1081344K
  class space    used 3569K, committed 3712K, reserved 1048576K
}
Event: 3.400 GC heap after
{Heap after GC invocations=8 (full 0):
 garbage-first heap   total 64512K, used 15963K [0x0000000081e00000, 0x0000000100000000)
  region size 1024K, 2 young (2048K), 2 survivors (2048K)
 Metaspace       used 28569K, committed 28864K, reserved 1081344K
  class space    used 3569K, committed 3712K, reserved 1048576K
}
Event: 3.940 GC heap before
{Heap before GC invocations=8 (full 0):
 garbage-first heap   total 64512K, used 46683K [0x0000000081e00000, 0x0000000100000000)
  region size 1024K, 32 young (32768K), 2 survivors (2048K)
 Metaspace       used 34927K, committed 35264K, reserved 1081344K
  class space    used 4612K, committed 4800K, reserved 1048576K
}
Event: 3.945 GC heap after
{Heap after GC invocations=9 (full 0):
 garbage-first heap   total 64512K, used 18263K [0x0000000081e00000, 0x0000000100000000)
  region size 1024K, 4 young (4096K), 4 survivors (4096K)
 Metaspace       used 34927K, committed 35264K, reserved 1081344K
  class space    used 4612K, committed 4800K, reserved 1048576K
}
Event: 3.984 GC heap before
{Heap before GC invocations=9 (full 0):
 garbage-first heap   total 64512K, used 19287K [0x0000000081e00000, 0x0000000100000000)
  region size 1024K, 6 young (6144K), 4 survivors (4096K)
 Metaspace       used 35604K, committed 35968K, reserved 1081344K
  class space    used 4666K, committed 4864K, reserved 1048576K
}
Event: 3.987 GC heap after
{Heap after GC invocations=10 (full 0):
 garbage-first heap   total 64512K, used 18637K [0x0000000081e00000, 0x0000000100000000)
  region size 1024K, 3 young (3072K), 3 survivors (3072K)
 Metaspace       used 35604K, committed 35968K, reserved 1081344K
  class space    used 4666K, committed 4864K, reserved 1048576K
}
Event: 6.915 GC heap before
{Heap before GC invocations=11 (full 0):
 garbage-first heap   total 64512K, used 47309K [0x0000000081e00000, 0x0000000100000000)
  region size 1024K, 32 young (32768K), 3 survivors (3072K)
 Metaspace       used 43710K, committed 44032K, reserved 1089536K
  class space    used 5644K, committed 5760K, reserved 1048576K
}
Event: 6.920 GC heap after
{Heap after GC invocations=12 (full 0):
 garbage-first heap   total 64512K, used 21684K [0x0000000081e00000, 0x0000000100000000)
  region size 1024K, 4 young (4096K), 4 survivors (4096K)
 Metaspace       used 43710K, committed 44032K, reserved 1089536K
  class space    used 5644K, committed 5760K, reserved 1048576K
}
Event: 6.951 GC heap before
{Heap before GC invocations=12 (full 0):
 garbage-first heap   total 64512K, used 22708K [0x0000000081e00000, 0x0000000100000000)
  region size 1024K, 5 young (5120K), 4 survivors (4096K)
 Metaspace       used 43915K, committed 44224K, reserved 1089536K
  class space    used 5682K, committed 5824K, reserved 1048576K
}
Event: 6.954 GC heap after
{Heap after GC invocations=13 (full 0):
 garbage-first heap   total 64512K, used 22053K [0x0000000081e00000, 0x0000000100000000)
  region size 1024K, 1 young (1024K), 1 survivors (1024K)
 Metaspace       used 43915K, committed 44224K, reserved 1089536K
  class space    used 5682K, committed 5824K, reserved 1048576K
}
Event: 9.947 GC heap before
{Heap before GC invocations=13 (full 0):
 garbage-first heap   total 64512K, used 47653K [0x0000000081e00000, 0x0000000100000000)
  region size 1024K, 27 young (27648K), 1 survivors (1024K)
 Metaspace       used 50925K, committed 51264K, reserved 1097728K
  class space    used 6761K, committed 6976K, reserved 1048576K
}
Event: 9.949 GC heap after
{Heap after GC invocations=14 (full 0):
 garbage-first heap   total 64512K, used 22946K [0x0000000081e00000, 0x0000000100000000)
  region size 1024K, 2 young (2048K), 2 survivors (2048K)
 Metaspace       used 50925K, committed 51264K, reserved 1097728K
  class space    used 6761K, committed 6976K, reserved 1048576K
}
Event: 12.275 GC heap before
{Heap before GC invocations=14 (full 0):
 garbage-first heap   total 64512K, used 48546K [0x0000000081e00000, 0x0000000100000000)
  region size 1024K, 28 young (28672K), 2 survivors (2048K)
 Metaspace       used 54581K, committed 54848K, reserved 1097728K
  class space    used 7235K, committed 7360K, reserved 1048576K
}
Event: 12.287 GC heap after
{Heap after GC invocations=15 (full 0):
 garbage-first heap   total 64512K, used 25312K [0x0000000081e00000, 0x0000000100000000)
  region size 1024K, 4 young (4096K), 4 survivors (4096K)
 Metaspace       used 54581K, committed 54848K, reserved 1097728K
  class space    used 7235K, committed 7360K, reserved 1048576K
}
Event: 208.205 GC heap before
{Heap before GC invocations=15 (full 0):
 garbage-first heap   total 64512K, used 48864K [0x0000000081e00000, 0x0000000100000000)
  region size 1024K, 28 young (28672K), 4 survivors (4096K)
 Metaspace       used 57315K, committed 57728K, reserved 1105920K
  class space    used 7578K, committed 7808K, reserved 1048576K
}
Event: 208.218 GC heap after
{Heap after GC invocations=16 (full 0):
 garbage-first heap   total 64512K, used 26146K [0x0000000081e00000, 0x0000000100000000)
  region size 1024K, 2 young (2048K), 2 survivors (2048K)
 Metaspace       used 57315K, committed 57728K, reserved 1105920K
  class space    used 7578K, committed 7808K, reserved 1048576K
}
Event: 331.393 GC heap before
{Heap before GC invocations=16 (full 0):
 garbage-first heap   total 64512K, used 41506K [0x0000000081e00000, 0x0000000100000000)
  region size 1024K, 19 young (19456K), 2 survivors (2048K)
 Metaspace       used 60172K, committed 60480K, reserved 1105920K
  class space    used 7948K, committed 8128K, reserved 1048576K
}
Event: 331.397 GC heap after
{Heap after GC invocations=17 (full 0):
 garbage-first heap   total 64512K, used 27891K [0x0000000081e00000, 0x0000000100000000)
  region size 1024K, 3 young (3072K), 3 survivors (3072K)
 Metaspace       used 60172K, committed 60480K, reserved 1105920K
  class space    used 7948K, committed 8128K, reserved 1048576K
}

